{"level":"error","error":"http: Server closed","time":"2022-07-30T15:15:22+08:00","caller":"/Users/lixinhua/GO/pkg/mod/github.com/duxphp/duxgo@v0.0.0-20220730071409-3657bf56a61e/bootstrap/bootstrap.go:436","message":"http stop"}
{"level":"error","error":"http: Server closed","time":"2022-07-30T15:16:00+08:00","caller":"/Users/lixinhua/GO/pkg/mod/github.com/duxphp/duxgo@v0.0.0-20220730071409-3657bf56a61e/bootstrap/bootstrap.go:436","message":"http stop"}
{"level":"error","error":"http: Server closed","time":"2022-07-30T15:18:41+08:00","caller":"/Users/lixinhua/GO/pkg/mod/github.com/duxphp/duxgo@v0.0.0-20220730071409-3657bf56a61e/bootstrap/bootstrap.go:436","message":"http stop"}
{"level":"error","body":"","error":"html/template: \"template/welcome.tpl\" is undefined","time":"2022-07-30T16:55:24+08:00","caller":"/Users/lixinhua/GO/pkg/mod/github.com/duxphp/duxgo@v0.0.0-20220730085448-a7d8036546e1/bootstrap/bootstrap.go:131","message":"error"}
{"level":"error","body":"","error":"renderer not registered","time":"2022-08-02T10:34:33+08:00","caller":"/Users/lixinhua/GO/pkg/mod/github.com/duxphp/duxgo@v0.0.0-20220802021732-80d349ab5e5d/bootstrap/bootstrap.go:130","message":"error"}
{"level":"error","body":"","error":"renderer not registered","time":"2022-08-02T10:34:34+08:00","caller":"/Users/lixinhua/GO/pkg/mod/github.com/duxphp/duxgo@v0.0.0-20220802021732-80d349ab5e5d/bootstrap/bootstrap.go:130","message":"error"}
{"level":"error","error":"listen tcp :8080: bind: address already in use","time":"2022-08-02T11:57:42+08:00","caller":"/Users/lixinhua/GO/pkg/mod/github.com/duxphp/duxgo@v0.0.0-20220802030748-e826f77c4958/bootstrap/bootstrap.go:445","message":"web"}
{"level":"error","error":"listen tcp :8080: bind: address already in use","time":"2022-08-02T11:58:07+08:00","caller":"/Users/lixinhua/GO/pkg/mod/github.com/duxphp/duxgo@v0.0.0-20220802030748-e826f77c4958/bootstrap/bootstrap.go:445","message":"web"}
{"level":"error","error":"runtime error: invalid memory address or nil pointer dereference","time":"2022-08-02T12:28:18+08:00","caller":"/Users/lixinhua/GO/pkg/mod/github.com/duxphp/duxgo@v0.0.0-20220802030748-e826f77c4958/bootstrap/bootstrap.go:160","message":"PANIC RECOVER"}
{"level":"error","err":{"Message":"runtime error: invalid memory address or nil pointer dereference"},"time":"2022-08-02T12:28:18+08:00","caller":"/Users/lixinhua/GO/pkg/mod/github.com/duxphp/duxgo@v0.0.0-20220802030748-e826f77c4958/bootstrap/bootstrap.go:161","message":"core"}
{"level":"error","error":"runtime error: invalid memory address or nil pointer dereference","time":"2022-08-02T12:28:20+08:00","caller":"/Users/lixinhua/GO/pkg/mod/github.com/duxphp/duxgo@v0.0.0-20220802030748-e826f77c4958/bootstrap/bootstrap.go:160","message":"PANIC RECOVER"}
{"level":"error","err":{"Message":"runtime error: invalid memory address or nil pointer dereference"},"time":"2022-08-02T12:28:20+08:00","caller":"/Users/lixinhua/GO/pkg/mod/github.com/duxphp/duxgo@v0.0.0-20220802030748-e826f77c4958/bootstrap/bootstrap.go:161","message":"core"}
{"level":"error","error":"runtime error: invalid memory address or nil pointer dereference","time":"2022-08-02T12:29:00+08:00","caller":"/Users/lixinhua/GO/pkg/mod/github.com/duxphp/duxgo@v0.0.0-20220802030748-e826f77c4958/bootstrap/bootstrap.go:160","message":"PANIC RECOVER"}
{"level":"error","err":{"Message":"runtime error: invalid memory address or nil pointer dereference"},"time":"2022-08-02T12:29:00+08:00","caller":"/Users/lixinhua/GO/pkg/mod/github.com/duxphp/duxgo@v0.0.0-20220802030748-e826f77c4958/bootstrap/bootstrap.go:161","message":"core"}
{"level":"error","error":"runtime error: invalid memory address or nil pointer dereference","time":"2022-08-02T12:29:46+08:00","caller":"/Users/lixinhua/GO/pkg/mod/github.com/duxphp/duxgo@v0.0.0-20220802030748-e826f77c4958/bootstrap/bootstrap.go:160","message":"PANIC RECOVER"}
{"level":"error","err":{"Message":"runtime error: invalid memory address or nil pointer dereference"},"time":"2022-08-02T12:29:46+08:00","caller":"/Users/lixinhua/GO/pkg/mod/github.com/duxphp/duxgo@v0.0.0-20220802030748-e826f77c4958/bootstrap/bootstrap.go:161","message":"core"}
{"level":"error","error":"runtime error: invalid memory address or nil pointer dereference","time":"2022-08-02T12:30:21+08:00","caller":"/Users/lixinhua/GO/pkg/mod/github.com/duxphp/duxgo@v0.0.0-20220802030748-e826f77c4958/bootstrap/bootstrap.go:160","message":"PANIC RECOVER"}
{"level":"error","err":{"Message":"runtime error: invalid memory address or nil pointer dereference"},"time":"2022-08-02T12:30:21+08:00","caller":"/Users/lixinhua/GO/pkg/mod/github.com/duxphp/duxgo@v0.0.0-20220802030748-e826f77c4958/bootstrap/bootstrap.go:161","message":"core"}
{"level":"error","error":"runtime error: invalid memory address or nil pointer dereference","time":"2022-08-02T12:30:34+08:00","caller":"/Users/lixinhua/GO/pkg/mod/github.com/duxphp/duxgo@v0.0.0-20220802030748-e826f77c4958/bootstrap/bootstrap.go:160","message":"PANIC RECOVER"}
{"level":"error","err":{"Message":"runtime error: invalid memory address or nil pointer dereference"},"time":"2022-08-02T12:30:34+08:00","caller":"/Users/lixinhua/GO/pkg/mod/github.com/duxphp/duxgo@v0.0.0-20220802030748-e826f77c4958/bootstrap/bootstrap.go:161","message":"core"}
{"level":"warn","time":"2022-08-02T12:30:38+08:00","caller":"/Users/lixinhua/GO/pkg/mod/github.com/duxphp/duxgo@v0.0.0-20220802030748-e826f77c4958/task/task.go:199","message":"Retry exhausted for task id=6c964ab0-fa5e-432a-bd38-708ab33bde5c"}
{"level":"warn","time":"2022-08-02T12:30:38+08:00","caller":"/Users/lixinhua/GO/pkg/mod/github.com/duxphp/duxgo@v0.0.0-20220802030748-e826f77c4958/task/task.go:199","message":"Retry exhausted for task id=1a5a5099-eef8-491d-b91e-60f2b7b08054"}
{"level":"error","error":"runtime error: invalid memory address or nil pointer dereference","time":"2022-08-02T12:30:44+08:00","caller":"/Users/lixinhua/GO/pkg/mod/github.com/duxphp/duxgo@v0.0.0-20220802030748-e826f77c4958/bootstrap/bootstrap.go:160","message":"PANIC RECOVER"}
{"level":"error","err":{"Message":"runtime error: invalid memory address or nil pointer dereference"},"time":"2022-08-02T12:30:44+08:00","caller":"/Users/lixinhua/GO/pkg/mod/github.com/duxphp/duxgo@v0.0.0-20220802030748-e826f77c4958/bootstrap/bootstrap.go:161","message":"core"}
{"level":"error","error":"runtime error: invalid memory address or nil pointer dereference","time":"2022-08-02T12:32:39+08:00","caller":"/Users/lixinhua/GO/pkg/mod/github.com/duxphp/duxgo@v0.0.0-20220802030748-e826f77c4958/bootstrap/bootstrap.go:160","message":"PANIC RECOVER"}
{"level":"error","err":{"Message":"runtime error: invalid memory address or nil pointer dereference"},"time":"2022-08-02T12:32:39+08:00","caller":"/Users/lixinhua/GO/pkg/mod/github.com/duxphp/duxgo@v0.0.0-20220802030748-e826f77c4958/bootstrap/bootstrap.go:161","message":"core"}
{"level":"error","err":{"Message":"runtime error: invalid memory address or nil pointer dereference"},"time":"2022-08-02T12:37:42+08:00","caller":"/Users/lixinhua/GO/pkg/mod/github.com/duxphp/duxgo@v0.0.0-20220802043642-010bc01004f2/bootstrap/bootstrap.go:160","message":"core"}
{"level":"error","err":{"Message":"configuration (info) not found"},"time":"2022-08-02T12:51:49+08:00","caller":"/Users/lixinhua/GO/pkg/mod/github.com/duxphp/duxgo@v0.0.0-20220802044455-703a8f7e2208/bootstrap/bootstrap.go:160","message":"core"}
{"level":"error","err":{"Message":"runtime error: invalid memory address or nil pointer dereference"},"time":"2022-08-02T12:53:23+08:00","caller":"/Users/lixinhua/GO/pkg/mod/github.com/duxphp/duxgo@v0.0.0-20220802044455-703a8f7e2208/bootstrap/bootstrap.go:160","message":"core"}
{"level":"error","err":{"Message":"runtime error: invalid memory address or nil pointer dereference"},"time":"2022-08-02T12:54:08+08:00","caller":"/Users/lixinhua/GO/pkg/mod/github.com/duxphp/duxgo@v0.0.0-20220802044455-703a8f7e2208/bootstrap/bootstrap.go:160","message":"core"}
{"level":"error","err":{"Message":"runtime error: invalid memory address or nil pointer dereference"},"time":"2022-08-02T12:54:13+08:00","caller":"/Users/lixinhua/GO/pkg/mod/github.com/duxphp/duxgo@v0.0.0-20220802044455-703a8f7e2208/bootstrap/bootstrap.go:160","message":"core"}
{"level":"error","body":"","error":"template: adminHome.gohtml:147:21: executing \"adminHome.gohtml\" at <.apiNumChart>: invalid value; expected string","time":"2022-08-02T13:01:02+08:00","caller":"/Users/lixinhua/GO/pkg/mod/github.com/duxphp/duxgo@v0.0.0-20220802045854-321e6d5a6784/bootstrap/bootstrap.go:126","message":"error"}
{"level":"error","err":{"Message":"runtime error: invalid memory address or nil pointer dereference"},"time":"2022-08-02T13:04:17+08:00","caller":"/Users/lixinhua/GO/pkg/mod/github.com/duxphp/duxgo@v0.0.0-20220802045854-321e6d5a6784/bootstrap/bootstrap.go:160","message":"core"}
{"level":"error","err":{"Message":"runtime error: invalid memory address or nil pointer dereference"},"time":"2022-08-02T13:04:54+08:00","caller":"/Users/lixinhua/GO/pkg/mod/github.com/duxphp/duxgo@v0.0.0-20220802045854-321e6d5a6784/bootstrap/bootstrap.go:160","message":"core"}
{"level":"error","err":{"Message":"runtime error: invalid memory address or nil pointer dereference"},"time":"2022-08-02T13:05:00+08:00","caller":"/Users/lixinhua/GO/pkg/mod/github.com/duxphp/duxgo@v0.0.0-20220802045854-321e6d5a6784/bootstrap/bootstrap.go:160","message":"core"}
{"level":"error","err":{"Message":"runtime error: invalid memory address or nil pointer dereference"},"time":"2022-08-02T13:05:00+08:00","caller":"/Users/lixinhua/GO/pkg/mod/github.com/duxphp/duxgo@v0.0.0-20220802045854-321e6d5a6784/bootstrap/bootstrap.go:160","message":"core"}
{"level":"error","err":{"Message":"runtime error: invalid memory address or nil pointer dereference"},"time":"2022-08-02T13:05:47+08:00","caller":"/Users/lixinhua/GO/pkg/mod/github.com/duxphp/duxgo@v0.0.0-20220802045854-321e6d5a6784/bootstrap/bootstrap.go:160","message":"core"}
{"level":"error","err":{"Message":"runtime error: invalid memory address or nil pointer dereference"},"time":"2022-08-02T13:05:47+08:00","caller":"/Users/lixinhua/GO/pkg/mod/github.com/duxphp/duxgo@v0.0.0-20220802045854-321e6d5a6784/bootstrap/bootstrap.go:160","message":"core"}
{"level":"error","err":{"Message":"runtime error: invalid memory address or nil pointer dereference"},"time":"2022-08-02T13:05:55+08:00","caller":"/Users/lixinhua/GO/pkg/mod/github.com/duxphp/duxgo@v0.0.0-20220802045854-321e6d5a6784/bootstrap/bootstrap.go:160","message":"core"}
{"level":"error","err":{"Message":"runtime error: invalid memory address or nil pointer dereference"},"time":"2022-08-02T13:05:55+08:00","caller":"/Users/lixinhua/GO/pkg/mod/github.com/duxphp/duxgo@v0.0.0-20220802045854-321e6d5a6784/bootstrap/bootstrap.go:160","message":"core"}
{"level":"error","err":{"Message":"runtime error: invalid memory address or nil pointer dereference"},"time":"2022-08-02T13:06:44+08:00","caller":"/Users/lixinhua/GO/pkg/mod/github.com/duxphp/duxgo@v0.0.0-20220802045854-321e6d5a6784/bootstrap/bootstrap.go:160","message":"core"}
{"level":"error","err":{"Message":"runtime error: invalid memory address or nil pointer dereference"},"time":"2022-08-02T13:06:44+08:00","caller":"/Users/lixinhua/GO/pkg/mod/github.com/duxphp/duxgo@v0.0.0-20220802045854-321e6d5a6784/bootstrap/bootstrap.go:160","message":"core"}
{"level":"error","err":{"Message":"runtime error: invalid memory address or nil pointer dereference"},"time":"2022-08-02T13:07:45+08:00","caller":"/Users/lixinhua/GO/pkg/mod/github.com/duxphp/duxgo@v0.0.0-20220802045854-321e6d5a6784/bootstrap/bootstrap.go:160","message":"core"}
{"level":"error","err":{"Message":"runtime error: invalid memory address or nil pointer dereference"},"time":"2022-08-02T13:07:45+08:00","caller":"/Users/lixinhua/GO/pkg/mod/github.com/duxphp/duxgo@v0.0.0-20220802045854-321e6d5a6784/bootstrap/bootstrap.go:160","message":"core"}
{"level":"error","err":{"Message":"runtime error: invalid memory address or nil pointer dereference"},"time":"2022-08-02T13:08:53+08:00","caller":"/Users/lixinhua/GO/pkg/mod/github.com/duxphp/duxgo@v0.0.0-20220802045854-321e6d5a6784/bootstrap/bootstrap.go:160","message":"core"}
{"level":"error","err":{"Message":"runtime error: invalid memory address or nil pointer dereference"},"time":"2022-08-02T13:08:53+08:00","caller":"/Users/lixinhua/GO/pkg/mod/github.com/duxphp/duxgo@v0.0.0-20220802045854-321e6d5a6784/bootstrap/bootstrap.go:160","message":"core"}
{"level":"error","body":"","error":"template: adminHome.gohtml:157:22: executing \"adminHome.gohtml\" at <.operateChart>: invalid value; expected string","time":"2022-08-02T13:10:09+08:00","caller":"/Users/lixinhua/GO/pkg/mod/github.com/duxphp/duxgo@v0.0.0-20220802045854-321e6d5a6784/bootstrap/bootstrap.go:126","message":"error"}
{"level":"error","body":"","error":"template: adminHome.gohtml:157:22: executing \"adminHome.gohtml\" at <.operateChart>: invalid value; expected string","time":"2022-08-02T13:10:09+08:00","caller":"/Users/lixinhua/GO/pkg/mod/github.com/duxphp/duxgo@v0.0.0-20220802045854-321e6d5a6784/bootstrap/bootstrap.go:126","message":"error"}
{"level":"error","err":{"Message":"runtime error: invalid memory address or nil pointer dereference"},"time":"2022-08-02T13:13:04+08:00","caller":"/Users/lixinhua/GO/pkg/mod/github.com/duxphp/duxgo@v0.0.0-20220802045854-321e6d5a6784/bootstrap/bootstrap.go:160","message":"core"}
{"level":"error","err":{"Message":"runtime error: invalid memory address or nil pointer dereference"},"time":"2022-08-02T13:13:12+08:00","caller":"/Users/lixinhua/GO/pkg/mod/github.com/duxphp/duxgo@v0.0.0-20220802045854-321e6d5a6784/bootstrap/bootstrap.go:160","message":"core"}
{"level":"error","err":{"Message":"runtime error: invalid memory address or nil pointer dereference"},"time":"2022-08-02T13:13:13+08:00","caller":"/Users/lixinhua/GO/pkg/mod/github.com/duxphp/duxgo@v0.0.0-20220802045854-321e6d5a6784/bootstrap/bootstrap.go:160","message":"core"}
{"level":"error","err":{"Message":"runtime error: invalid memory address or nil pointer dereference"},"time":"2022-08-02T13:13:26+08:00","caller":"/Users/lixinhua/GO/pkg/mod/github.com/duxphp/duxgo@v0.0.0-20220802045854-321e6d5a6784/bootstrap/bootstrap.go:160","message":"core"}
{"level":"error","err":{"Message":"runtime error: invalid memory address or nil pointer dereference"},"time":"2022-08-02T13:13:30+08:00","caller":"/Users/lixinhua/GO/pkg/mod/github.com/duxphp/duxgo@v0.0.0-20220802045854-321e6d5a6784/bootstrap/bootstrap.go:160","message":"core"}
{"level":"error","err":{"Message":"runtime error: invalid memory address or nil pointer dereference"},"time":"2022-08-02T13:13:31+08:00","caller":"/Users/lixinhua/GO/pkg/mod/github.com/duxphp/duxgo@v0.0.0-20220802045854-321e6d5a6784/bootstrap/bootstrap.go:160","message":"core"}
{"level":"error","err":{"Message":"runtime error: invalid memory address or nil pointer dereference"},"time":"2022-08-02T13:13:32+08:00","caller":"/Users/lixinhua/GO/pkg/mod/github.com/duxphp/duxgo@v0.0.0-20220802045854-321e6d5a6784/bootstrap/bootstrap.go:160","message":"core"}
{"level":"error","err":{"Message":"runtime error: invalid memory address or nil pointer dereference"},"time":"2022-08-02T13:13:35+08:00","caller":"/Users/lixinhua/GO/pkg/mod/github.com/duxphp/duxgo@v0.0.0-20220802045854-321e6d5a6784/bootstrap/bootstrap.go:160","message":"core"}
{"level":"error","err":{"Message":"runtime error: invalid memory address or nil pointer dereference"},"time":"2022-08-02T13:14:53+08:00","caller":"/Users/lixinhua/GO/pkg/mod/github.com/duxphp/duxgo@v0.0.0-20220802045854-321e6d5a6784/bootstrap/bootstrap.go:160","message":"core"}
{"level":"error","err":{"Message":"runtime error: invalid memory address or nil pointer dereference"},"time":"2022-08-02T13:18:04+08:00","caller":"/Users/lixinhua/GO/pkg/mod/github.com/duxphp/duxgo@v0.0.0-20220802045854-321e6d5a6784/bootstrap/bootstrap.go:160","message":"core"}
{"level":"error","err":{"Message":"runtime error: invalid memory address or nil pointer dereference"},"time":"2022-08-02T13:20:01+08:00","caller":"/Users/lixinhua/GO/pkg/mod/github.com/duxphp/duxgo@v0.0.0-20220802045854-321e6d5a6784/bootstrap/bootstrap.go:160","message":"core"}
{"level":"error","err":{"Message":"runtime error: invalid memory address or nil pointer dereference"},"time":"2022-08-02T13:21:17+08:00","caller":"/Users/lixinhua/GO/pkg/mod/github.com/duxphp/duxgo@v0.0.0-20220802045854-321e6d5a6784/bootstrap/bootstrap.go:160","message":"core"}
{"level":"error","err":{"Message":"runtime error: invalid memory address or nil pointer dereference"},"time":"2022-08-02T13:23:41+08:00","caller":"/Users/lixinhua/GO/pkg/mod/github.com/duxphp/duxgo@v0.0.0-20220802045854-321e6d5a6784/bootstrap/bootstrap.go:160","message":"core"}
{"level":"error","err":{"Message":"runtime error: invalid memory address or nil pointer dereference"},"time":"2022-08-02T13:23:42+08:00","caller":"/Users/lixinhua/GO/pkg/mod/github.com/duxphp/duxgo@v0.0.0-20220802045854-321e6d5a6784/bootstrap/bootstrap.go:160","message":"core"}
{"level":"error","err":{"Message":"runtime error: invalid memory address or nil pointer dereference"},"time":"2022-08-02T13:23:43+08:00","caller":"/Users/lixinhua/GO/pkg/mod/github.com/duxphp/duxgo@v0.0.0-20220802045854-321e6d5a6784/bootstrap/bootstrap.go:160","message":"core"}
{"level":"error","err":{"Message":"runtime error: invalid memory address or nil pointer dereference"},"time":"2022-08-02T13:26:21+08:00","caller":"/Users/lixinhua/GO/pkg/mod/github.com/duxphp/duxgo@v0.0.0-20220802045854-321e6d5a6784/bootstrap/bootstrap.go:160","message":"core"}
{"level":"error","err":{"Message":"runtime error: invalid memory address or nil pointer dereference"},"time":"2022-08-02T13:39:36+08:00","caller":"/Users/lixinhua/GO/pkg/mod/github.com/duxphp/duxgo@v0.0.0-20220802053857-126a1fb019e4/bootstrap/bootstrap.go:163","message":"core"}
{"level":"error","err":{"Message":"runtime error: invalid memory address or nil pointer dereference"},"time":"2022-08-02T13:39:41+08:00","caller":"/Users/lixinhua/GO/pkg/mod/github.com/duxphp/duxgo@v0.0.0-20220802053857-126a1fb019e4/bootstrap/bootstrap.go:163","message":"core"}
{"level":"error","err":{"Message":"runtime error: invalid memory address or nil pointer dereference"},"time":"2022-08-02T13:39:46+08:00","caller":"/Users/lixinhua/GO/pkg/mod/github.com/duxphp/duxgo@v0.0.0-20220802053857-126a1fb019e4/bootstrap/bootstrap.go:163","message":"core"}
{"level":"error","err":{"Message":"runtime error: invalid memory address or nil pointer dereference"},"time":"2022-08-02T13:41:20+08:00","caller":"/Users/lixinhua/GO/pkg/mod/github.com/duxphp/duxgo@v0.0.0-20220802054030-8a2075c31c3b/bootstrap/bootstrap.go:163","message":"core"}
{"level":"error","err":{"Message":"runtime error: invalid memory address or nil pointer dereference"},"time":"2022-08-02T13:41:25+08:00","caller":"/Users/lixinhua/GO/pkg/mod/github.com/duxphp/duxgo@v0.0.0-20220802054030-8a2075c31c3b/bootstrap/bootstrap.go:163","message":"core"}
{"level":"error","err":{"Message":"runtime error: invalid memory address or nil pointer dereference"},"time":"2022-08-02T13:41:26+08:00","caller":"/Users/lixinhua/GO/pkg/mod/github.com/duxphp/duxgo@v0.0.0-20220802054030-8a2075c31c3b/bootstrap/bootstrap.go:163","message":"core"}
{"level":"error","err":{"Message":"runtime error: invalid memory address or nil pointer dereference"},"time":"2022-08-02T13:44:16+08:00","caller":"/Users/lixinhua/GO/pkg/mod/github.com/duxphp/duxgo@v0.0.0-20220802054346-dc9c0c011649/bootstrap/bootstrap.go:163","message":"core"}
{"level":"error","err":{"Message":"runtime error: invalid memory address or nil pointer dereference"},"time":"2022-08-02T13:44:29+08:00","caller":"/Users/lixinhua/GO/pkg/mod/github.com/duxphp/duxgo@v0.0.0-20220802054346-dc9c0c011649/bootstrap/bootstrap.go:163","message":"core"}
{"level":"error","err":{"Message":"runtime error: invalid memory address or nil pointer dereference"},"time":"2022-08-02T13:44:38+08:00","caller":"/Users/lixinhua/GO/pkg/mod/github.com/duxphp/duxgo@v0.0.0-20220802054346-dc9c0c011649/bootstrap/bootstrap.go:163","message":"core"}
{"level":"error","err":{"Message":"runtime error: invalid memory address or nil pointer dereference"},"time":"2022-08-02T13:44:48+08:00","caller":"/Users/lixinhua/GO/pkg/mod/github.com/duxphp/duxgo@v0.0.0-20220802054346-dc9c0c011649/bootstrap/bootstrap.go:163","message":"core"}
{"level":"error","err":{"Message":"runtime error: invalid memory address or nil pointer dereference"},"time":"2022-08-02T13:44:54+08:00","caller":"/Users/lixinhua/GO/pkg/mod/github.com/duxphp/duxgo@v0.0.0-20220802054346-dc9c0c011649/bootstrap/bootstrap.go:163","message":"core"}
{"level":"warn","time":"2022-08-02T13:57:27+08:00","caller":"/Users/lixinhua/GO/pkg/mod/github.com/duxphp/duxgo@v0.0.0-20220802054858-b5e259790db9/task/task.go:199","message":"Retry exhausted for task id=13a946fd-1552-48cb-9553-349d05d21ad6"}
{"level":"warn","time":"2022-08-02T13:57:27+08:00","caller":"/Users/lixinhua/GO/pkg/mod/github.com/duxphp/duxgo@v0.0.0-20220802054858-b5e259790db9/task/task.go:199","message":"Retry exhausted for task id=9d52dba9-1ac9-4af5-8b55-7e83468fcd17"}
{"level":"warn","time":"2022-08-02T13:57:27+08:00","caller":"/Users/lixinhua/GO/pkg/mod/github.com/duxphp/duxgo@v0.0.0-20220802054858-b5e259790db9/task/task.go:199","message":"Retry exhausted for task id=cdbfe669-c80b-4c4a-a6a2-f919f687fb90"}
{"level":"warn","time":"2022-08-02T13:57:27+08:00","caller":"/Users/lixinhua/GO/pkg/mod/github.com/duxphp/duxgo@v0.0.0-20220802054858-b5e259790db9/task/task.go:199","message":"Retry exhausted for task id=cfe01c24-05ae-4162-8d94-80fdf76e6027"}
